<?xml version="1.0" encoding="UTF-8"?>
<Site BuildName="Win32-ninja"
	BuildStamp="20230919-2351-Experimental"
	Name="LAPTOP-B47E6PUB"
	Generator="ctest-3.25.1"
	CompilerName="C:/msys64/mingw64/bin/g++.exe"
	CompilerVersion="12.2.0"
	OSName="Windows"
	Hostname="LAPTOP-B47E6PUB"
	OSRelease=" Personal"
	OSVersion=" (Build 22621)"
	OSPlatform="AMD64"
	Is64Bits="1"
	VendorString=""
	VendorID="Unknown Manufacturer"
	FamilyID="0"
	ModelID="0"
	ProcessorCacheSize="0"
	NumberOfLogicalCPU="16"
	NumberOfPhysicalCPU="8"
	TotalVirtualMemory="15084"
	TotalPhysicalMemory="14188"
	LogicalProcessorsPerPhysical="2"
	ProcessorClockFrequency="1896"
	>
	<Testing>
		<StartDateTime>Sep 20 00:51 Hora de Ver[NON-UTF-8-BYTE-0xE3]o de GMT</StartDateTime>
		<StartTestTime>1695167475</StartTestTime>
		<TestList/>
		<EndDateTime>Sep 20 00:51 Hora de Ver[NON-UTF-8-BYTE-0xE3]o de GMT</EndDateTime>
		<EndTestTime>1695167475</EndTestTime>
		<ElapsedMinutes>0</ElapsedMinutes>
	</Testing>
</Site>
